cl : command line  warning D9035: option 'Gm' has been deprecated and will be removed in a future release
  graphicsclass.cpp
C:\Users\Raees\Documents\GitHub\DirectX-11-on-Windows-10\Engine\graphicsclass.cpp(69,15): warning C4316: 'D3DClass': object allocated on the heap may not be aligned 16
C:\Users\Raees\Documents\GitHub\DirectX-11-on-Windows-10\Engine\graphicsclass.cpp(128,13): warning C4316: 'CameraClass': object allocated on the heap may not be aligned 16
C:\Users\Raees\Documents\GitHub\DirectX-11-on-Windows-10\Engine\graphicsclass.cpp(140,23): warning C4316: 'LightClass': object allocated on the heap may not be aligned 16
C:\Users\Raees\Documents\GitHub\DirectX-11-on-Windows-10\Engine\graphicsclass.cpp(240,11): warning C4316: 'TextClass': object allocated on the heap may not be aligned 16
C:\Users\Raees\Documents\GitHub\DirectX-11-on-Windows-10\Engine\graphicsclass.cpp(263,24): warning C4316: 'RenderTextureClass': object allocated on the heap may not be aligned 16
C:\Users\Raees\Documents\GitHub\DirectX-11-on-Windows-10\Engine\graphicsclass.cpp(278,24): warning C4316: 'RenderTextureClass': object allocated on the heap may not be aligned 16
C:\Users\Raees\Documents\GitHub\DirectX-11-on-Windows-10\Engine\graphicsclass.cpp(293,20): warning C4316: 'RenderTextureClass': object allocated on the heap may not be aligned 16
C:\Users\Raees\Documents\GitHub\DirectX-11-on-Windows-10\Engine\graphicsclass.cpp(457,25): warning C4316: 'RenderTextureClass': object allocated on the heap may not be aligned 16
C:\Users\Raees\Documents\GitHub\DirectX-11-on-Windows-10\Engine\graphicsclass.cpp(973,4): warning C4552: '!': result of expression not used
C:\Users\Raees\Documents\GitHub\DirectX-11-on-Windows-10\Engine\graphicsclass.cpp(1027,20): warning C4101: 'posZ': unreferenced local variable
C:\Users\Raees\Documents\GitHub\DirectX-11-on-Windows-10\Engine\graphicsclass.cpp(1027,14): warning C4101: 'posY': unreferenced local variable
C:\Users\Raees\Documents\GitHub\DirectX-11-on-Windows-10\Engine\graphicsclass.cpp(1027,8): warning C4101: 'posX': unreferenced local variable
C:\Users\Raees\Documents\GitHub\DirectX-11-on-Windows-10\Engine\graphicsclass.cpp(1307,74): warning C4305: 'argument': truncation from 'double' to 'float'
C:\Users\Raees\Documents\GitHub\DirectX-11-on-Windows-10\Engine\graphicsclass.cpp(1307,68): warning C4305: 'argument': truncation from 'double' to 'float'
C:\Users\Raees\Documents\GitHub\DirectX-11-on-Windows-10\Engine\graphicsclass.cpp(1307,62): warning C4305: 'argument': truncation from 'double' to 'float'
C:\Users\Raees\Documents\GitHub\DirectX-11-on-Windows-10\Engine\graphicsclass.cpp(1073,67): warning C4101: 'baseViewMatrix': unreferenced local variable
C:\Users\Raees\Documents\GitHub\DirectX-11-on-Windows-10\Engine\graphicsclass.cpp(1086,20): warning C4101: 'posZ': unreferenced local variable
C:\Users\Raees\Documents\GitHub\DirectX-11-on-Windows-10\Engine\graphicsclass.cpp(1086,14): warning C4101: 'posY': unreferenced local variable
C:\Users\Raees\Documents\GitHub\DirectX-11-on-Windows-10\Engine\graphicsclass.cpp(1086,8): warning C4101: 'posX': unreferenced local variable
C:\Users\Raees\Documents\GitHub\DirectX-11-on-Windows-10\Engine\graphicsclass.cpp(1525,7): warning C4101: 'result': unreferenced local variable
C:\Users\Raees\Documents\GitHub\DirectX-11-on-Windows-10\Engine\graphicsclass.cpp(1524,36): warning C4101: 'projectionMatrix': unreferenced local variable
C:\Users\Raees\Documents\GitHub\DirectX-11-on-Windows-10\Engine\graphicsclass.cpp(1524,24): warning C4101: 'viewMatrix': unreferenced local variable
C:\Users\Raees\Documents\GitHub\DirectX-11-on-Windows-10\Engine\graphicsclass.cpp(1524,11): warning C4101: 'worldMatrix': unreferenced local variable
  Engine.vcxproj -> C:\Users\Raees\Documents\GitHub\DirectX-11-on-Windows-10\Debug\Engine.exe
