c:\users\u2266405\onedrive - university of huddersfield\pictures\uni\2-year 2\5- realtimegraphics\week1-geometry&pipeline\worldbuilder\engine\debug\vc143.pdb
c:\users\u2266405\onedrive - university of huddersfield\pictures\uni\2-year 2\5- realtimegraphics\week1-geometry&pipeline\worldbuilder\engine\debug\vc143.idb
c:\users\u2266405\onedrive - university of huddersfield\pictures\uni\2-year 2\5- realtimegraphics\week1-geometry&pipeline\worldbuilder\engine\debug\bumpmapshaderclass.obj
c:\users\u2266405\onedrive - university of huddersfield\pictures\uni\2-year 2\5- realtimegraphics\week1-geometry&pipeline\worldbuilder\engine\debug\bumpmodelclass.obj
c:\users\u2266405\onedrive - university of huddersfield\pictures\uni\2-year 2\5- realtimegraphics\week1-geometry&pipeline\worldbuilder\engine\debug\cameraclass.obj
c:\users\u2266405\onedrive - university of huddersfield\pictures\uni\2-year 2\5- realtimegraphics\week1-geometry&pipeline\worldbuilder\engine\debug\d3dclass.obj
c:\users\u2266405\onedrive - university of huddersfield\pictures\uni\2-year 2\5- realtimegraphics\week1-geometry&pipeline\worldbuilder\engine\debug\ddstextureloader.obj
c:\users\u2266405\onedrive - university of huddersfield\pictures\uni\2-year 2\5- realtimegraphics\week1-geometry&pipeline\worldbuilder\engine\debug\inputclass.obj
c:\users\u2266405\onedrive - university of huddersfield\pictures\uni\2-year 2\5- realtimegraphics\week1-geometry&pipeline\worldbuilder\engine\debug\lightclass.obj
c:\users\u2266405\onedrive - university of huddersfield\pictures\uni\2-year 2\5- realtimegraphics\week1-geometry&pipeline\worldbuilder\engine\debug\lightshaderclass.obj
c:\users\u2266405\onedrive - university of huddersfield\pictures\uni\2-year 2\5- realtimegraphics\week1-geometry&pipeline\worldbuilder\engine\debug\main.obj
c:\users\u2266405\onedrive - university of huddersfield\pictures\uni\2-year 2\5- realtimegraphics\week1-geometry&pipeline\worldbuilder\engine\debug\modelclass.obj
c:\users\u2266405\onedrive - university of huddersfield\pictures\uni\2-year 2\5- realtimegraphics\week1-geometry&pipeline\worldbuilder\engine\debug\positionclass.obj
c:\users\u2266405\onedrive - university of huddersfield\pictures\uni\2-year 2\5- realtimegraphics\week1-geometry&pipeline\worldbuilder\engine\debug\shadermanagerclass.obj
c:\users\u2266405\onedrive - university of huddersfield\pictures\uni\2-year 2\5- realtimegraphics\week1-geometry&pipeline\worldbuilder\engine\debug\systemclass.obj
c:\users\u2266405\onedrive - university of huddersfield\pictures\uni\2-year 2\5- realtimegraphics\week1-geometry&pipeline\worldbuilder\engine\debug\textureclass.obj
c:\users\u2266405\onedrive - university of huddersfield\pictures\uni\2-year 2\5- realtimegraphics\week1-geometry&pipeline\worldbuilder\engine\debug\textureshaderclass.obj
c:\users\u2266405\onedrive - university of huddersfield\pictures\uni\2-year 2\5- realtimegraphics\week1-geometry&pipeline\worldbuilder\engine\debug\timerclass.obj
c:\users\u2266405\onedrive - university of huddersfield\pictures\uni\2-year 2\5- realtimegraphics\week1-geometry&pipeline\worldbuilder\engine\debug\graphicsclass.obj
c:\users\u2266405\onedrive - university of huddersfield\pictures\uni\2-year 2\5- realtimegraphics\week1-geometry&pipeline\worldbuilder\debug\engine.exe
c:\users\u2266405\onedrive - university of huddersfield\pictures\uni\2-year 2\5- realtimegraphics\week1-geometry&pipeline\worldbuilder\engine\debug\engine.ilk
c:\users\u2266405\onedrive - university of huddersfield\pictures\uni\2-year 2\5- realtimegraphics\week1-geometry&pipeline\worldbuilder\debug\engine.pdb
c:\users\u2266405\onedrive - university of huddersfield\pictures\uni\2-year 2\5- realtimegraphics\week1-geometry&pipeline\worldbuilder\engine\debug\engine.tlog\cl.command.1.tlog
c:\users\u2266405\onedrive - university of huddersfield\pictures\uni\2-year 2\5- realtimegraphics\week1-geometry&pipeline\worldbuilder\engine\debug\engine.tlog\cl.items.tlog
c:\users\u2266405\onedrive - university of huddersfield\pictures\uni\2-year 2\5- realtimegraphics\week1-geometry&pipeline\worldbuilder\engine\debug\engine.tlog\cl.read.1.tlog
c:\users\u2266405\onedrive - university of huddersfield\pictures\uni\2-year 2\5- realtimegraphics\week1-geometry&pipeline\worldbuilder\engine\debug\engine.tlog\cl.write.1.tlog
c:\users\u2266405\onedrive - university of huddersfield\pictures\uni\2-year 2\5- realtimegraphics\week1-geometry&pipeline\worldbuilder\engine\debug\engine.tlog\link.command.1.tlog
c:\users\u2266405\onedrive - university of huddersfield\pictures\uni\2-year 2\5- realtimegraphics\week1-geometry&pipeline\worldbuilder\engine\debug\engine.tlog\link.read.1.tlog
c:\users\u2266405\onedrive - university of huddersfield\pictures\uni\2-year 2\5- realtimegraphics\week1-geometry&pipeline\worldbuilder\engine\debug\engine.tlog\link.write.1.tlog
